2026-04-05 22:14:28,898 - Fractal_Claws - INFO - Validate phase for ticket: TASK-004
2026-04-05 22:14:28,898 - Fractal_Claws - INFO - Validate phase for ticket: TASK-004
2026-04-05 22:14:28,898 - Fractal_Claws - INFO - Validate phase for ticket: TASK-004
2026-04-05 22:14:28,898 - Fractal_Claws - INFO - Validate phase for ticket: TASK-004
2026-04-05 22:14:28,898 - Fractal_Claws - INFO - Validate phase for ticket: TASK-004
2026-04-05 22:14:28,898 - Fractal_Claws - INFO - Validate phase for ticket: TASK-004
2026-04-05 22:14:28,898 - Fractal_Claws - INFO - Running gate: unit
2026-04-05 22:14:28,898 - Fractal_Claws - INFO - Running gate: unit
2026-04-05 22:14:28,898 - Fractal_Claws - INFO - Running gate: unit
2026-04-05 22:14:28,898 - Fractal_Claws - INFO - Running gate: unit
2026-04-05 22:14:28,898 - Fractal_Claws - INFO - Running gate: unit
2026-04-05 22:14:28,898 - Fractal_Claws - INFO - Running gate: unit
2026-04-05 22:14:28,899 - Fractal_Claws - INFO - Running gate: lint
2026-04-05 22:14:28,899 - Fractal_Claws - INFO - Running gate: lint
2026-04-05 22:14:28,899 - Fractal_Claws - INFO - Running gate: lint
2026-04-05 22:14:28,899 - Fractal_Claws - INFO - Running gate: lint
2026-04-05 22:14:28,899 - Fractal_Claws - INFO - Running gate: lint
2026-04-05 22:14:28,899 - Fractal_Claws - INFO - Running gate: lint
2026-04-05 22:14:28,899 - Fractal_Claws - INFO - Running gate: type
2026-04-05 22:14:28,899 - Fractal_Claws - INFO - Running gate: type
2026-04-05 22:14:28,899 - Fractal_Claws - INFO - Running gate: type
2026-04-05 22:14:28,899 - Fractal_Claws - INFO - Running gate: type
2026-04-05 22:14:28,899 - Fractal_Claws - INFO - Running gate: type
2026-04-05 22:14:28,899 - Fractal_Claws - INFO - Running gate: type
2026-04-05 22:14:28,899 - Fractal_Claws - INFO - Running gate: docs
2026-04-05 22:14:28,899 - Fractal_Claws - INFO - Running gate: docs
2026-04-05 22:14:28,899 - Fractal_Claws - INFO - Running gate: docs
2026-04-05 22:14:28,899 - Fractal_Claws - INFO - Running gate: docs
2026-04-05 22:14:28,899 - Fractal_Claws - INFO - Running gate: docs
2026-04-05 22:14:28,899 - Fractal_Claws - INFO - Running gate: docs
2026-04-05 22:14:28,899 - Fractal_Claws - INFO - All validation gates passed
2026-04-05 22:14:28,899 - Fractal_Claws - INFO - All validation gates passed
2026-04-05 22:14:28,899 - Fractal_Claws - INFO - All validation gates passed
2026-04-05 22:14:28,899 - Fractal_Claws - INFO - All validation gates passed
2026-04-05 22:14:28,899 - Fractal_Claws - INFO - All validation gates passed
2026-04-05 22:14:28,899 - Fractal_Claws - INFO - All validation gates passed
2026-04-05 22:14:28,901 - Fractal_Claws - ERROR - Failure in ticket TASK-005: Test failure
2026-04-05 22:14:28,901 - Fractal_Claws - ERROR - Failure in ticket TASK-005: Test failure
2026-04-05 22:14:28,901 - Fractal_Claws - ERROR - Failure in ticket TASK-005: Test failure
2026-04-05 22:14:28,901 - Fractal_Claws - ERROR - Failure in ticket TASK-005: Test failure
2026-04-05 22:14:28,901 - Fractal_Claws - ERROR - Failure in ticket TASK-005: Test failure
2026-04-05 22:14:28,901 - Fractal_Claws - ERROR - Failure in ticket TASK-005: Test failure
2026-04-05 22:14:28,901 - Fractal_Claws - ERROR - Failure in ticket TASK-005: Test failure
2026-04-05 22:14:28,903 - Fractal_Claws - INFO - Logs captured to logs\ISS-20260405_221428-TASK-005.log
2026-04-05 22:14:28,903 - Fractal_Claws - INFO - Logs captured to logs\ISS-20260405_221428-TASK-005.log
2026-04-05 22:14:28,903 - Fractal_Claws - INFO - Logs captured to logs\ISS-20260405_221428-TASK-005.log
2026-04-05 22:14:28,903 - Fractal_Claws - INFO - Logs captured to logs\ISS-20260405_221428-TASK-005.log
2026-04-05 22:14:28,903 - Fractal_Claws - INFO - Logs captured to logs\ISS-20260405_221428-TASK-005.log
2026-04-05 22:14:28,903 - Fractal_Claws - INFO - Logs captured to logs\ISS-20260405_221428-TASK-005.log
2026-04-05 22:14:28,903 - Fractal_Claws - INFO - Logs captured to logs\ISS-20260405_221428-TASK-005.log
2026-04-05 22:14:28,904 - Fractal_Claws - INFO - TROUBLESHOOTING.md updated
2026-04-05 22:14:28,904 - Fractal_Claws - INFO - TROUBLESHOOTING.md updated
2026-04-05 22:14:28,904 - Fractal_Claws - INFO - TROUBLESHOOTING.md updated
2026-04-05 22:14:28,904 - Fractal_Claws - INFO - TROUBLESHOOTING.md updated
2026-04-05 22:14:28,904 - Fractal_Claws - INFO - TROUBLESHOOTING.md updated
2026-04-05 22:14:28,904 - Fractal_Claws - INFO - TROUBLESHOOTING.md updated
2026-04-05 22:14:28,904 - Fractal_Claws - INFO - TROUBLESHOOTING.md updated
2026-04-05 22:14:28,906 - Fractal_Claws - INFO - REPLICATION-NOTES.md updated
2026-04-05 22:14:28,906 - Fractal_Claws - INFO - REPLICATION-NOTES.md updated
2026-04-05 22:14:28,906 - Fractal_Claws - INFO - REPLICATION-NOTES.md updated
2026-04-05 22:14:28,906 - Fractal_Claws - INFO - REPLICATION-NOTES.md updated
2026-04-05 22:14:28,906 - Fractal_Claws - INFO - REPLICATION-NOTES.md updated
2026-04-05 22:14:28,906 - Fractal_Claws - INFO - REPLICATION-NOTES.md updated
2026-04-05 22:14:28,906 - Fractal_Claws - INFO - REPLICATION-NOTES.md updated
2026-04-05 22:14:28,906 - Fractal_Claws - INFO - ISSUE.md updated
2026-04-05 22:14:28,906 - Fractal_Claws - INFO - ISSUE.md updated
2026-04-05 22:14:28,906 - Fractal_Claws - INFO - ISSUE.md updated
2026-04-05 22:14:28,906 - Fractal_Claws - INFO - ISSUE.md updated
2026-04-05 22:14:28,906 - Fractal_Claws - INFO - ISSUE.md updated
2026-04-05 22:14:28,906 - Fractal_Claws - INFO - ISSUE.md updated
2026-04-05 22:14:28,906 - Fractal_Claws - INFO - ISSUE.md updated
2026-04-05 22:14:28,906 - Fractal_Claws - CRITICAL - Halted on ticket TASK-005. See ISSUE.md for required action.
2026-04-05 22:14:28,906 - Fractal_Claws - CRITICAL - Halted on ticket TASK-005. See ISSUE.md for required action.
2026-04-05 22:14:28,906 - Fractal_Claws - CRITICAL - Halted on ticket TASK-005. See ISSUE.md for required action.
2026-04-05 22:14:28,906 - Fractal_Claws - CRITICAL - Halted on ticket TASK-005. See ISSUE.md for required action.
2026-04-05 22:14:28,906 - Fractal_Claws - CRITICAL - Halted on ticket TASK-005. See ISSUE.md for required action.
2026-04-05 22:14:28,906 - Fractal_Claws - CRITICAL - Halted on ticket TASK-005. See ISSUE.md for required action.
2026-04-05 22:14:28,906 - Fractal_Claws - CRITICAL - Halted on ticket TASK-005. See ISSUE.md for required action.
2026-04-05 22:14:28,910 - Fractal_Claws - INFO - Logs captured to logs\ISS-20260405_221428-TASK-006.log
2026-04-05 22:14:28,910 - Fractal_Claws - INFO - Logs captured to logs\ISS-20260405_221428-TASK-006.log
2026-04-05 22:14:28,910 - Fractal_Claws - INFO - Logs captured to logs\ISS-20260405_221428-TASK-006.log
2026-04-05 22:14:28,910 - Fractal_Claws - INFO - Logs captured to logs\ISS-20260405_221428-TASK-006.log
2026-04-05 22:14:28,910 - Fractal_Claws - INFO - Logs captured to logs\ISS-20260405_221428-TASK-006.log
2026-04-05 22:14:28,910 - Fractal_Claws - INFO - Logs captured to logs\ISS-20260405_221428-TASK-006.log
2026-04-05 22:14:28,910 - Fractal_Claws - INFO - Logs captured to logs\ISS-20260405_221428-TASK-006.log
2026-04-05 22:14:28,910 - Fractal_Claws - INFO - Logs captured to logs\ISS-20260405_221428-TASK-006.log
