2026-04-05 22:25:21,443 - Fractal_Claws - INFO - Validate phase for ticket: TASK-004
2026-04-05 22:25:21,443 - Fractal_Claws - INFO - Validate phase for ticket: TASK-004
2026-04-05 22:25:21,443 - Fractal_Claws - INFO - Validate phase for ticket: TASK-004
2026-04-05 22:25:21,443 - Fractal_Claws - INFO - Validate phase for ticket: TASK-004
2026-04-05 22:25:21,443 - Fractal_Claws - INFO - Validate phase for ticket: TASK-004
2026-04-05 22:25:21,443 - Fractal_Claws - INFO - Validate phase for ticket: TASK-004
2026-04-05 22:25:21,443 - Fractal_Claws - INFO - Running gate: unit
2026-04-05 22:25:21,443 - Fractal_Claws - INFO - Running gate: unit
2026-04-05 22:25:21,443 - Fractal_Claws - INFO - Running gate: unit
2026-04-05 22:25:21,443 - Fractal_Claws - INFO - Running gate: unit
2026-04-05 22:25:21,443 - Fractal_Claws - INFO - Running gate: unit
2026-04-05 22:25:21,443 - Fractal_Claws - INFO - Running gate: unit
2026-04-05 22:25:21,453 - Fractal_Claws - INFO - Running gate: lint
2026-04-05 22:25:21,453 - Fractal_Claws - INFO - Running gate: lint
2026-04-05 22:25:21,453 - Fractal_Claws - INFO - Running gate: lint
2026-04-05 22:25:21,453 - Fractal_Claws - INFO - Running gate: lint
2026-04-05 22:25:21,453 - Fractal_Claws - INFO - Running gate: lint
2026-04-05 22:25:21,453 - Fractal_Claws - INFO - Running gate: lint
2026-04-05 22:25:21,453 - Fractal_Claws - INFO - Running gate: type
2026-04-05 22:25:21,453 - Fractal_Claws - INFO - Running gate: type
2026-04-05 22:25:21,453 - Fractal_Claws - INFO - Running gate: type
2026-04-05 22:25:21,453 - Fractal_Claws - INFO - Running gate: type
2026-04-05 22:25:21,453 - Fractal_Claws - INFO - Running gate: type
2026-04-05 22:25:21,453 - Fractal_Claws - INFO - Running gate: type
2026-04-05 22:25:21,454 - Fractal_Claws - INFO - Running gate: docs
2026-04-05 22:25:21,454 - Fractal_Claws - INFO - Running gate: docs
2026-04-05 22:25:21,454 - Fractal_Claws - INFO - Running gate: docs
2026-04-05 22:25:21,454 - Fractal_Claws - INFO - Running gate: docs
2026-04-05 22:25:21,454 - Fractal_Claws - INFO - Running gate: docs
2026-04-05 22:25:21,454 - Fractal_Claws - INFO - Running gate: docs
2026-04-05 22:25:21,454 - Fractal_Claws - INFO - All validation gates passed
2026-04-05 22:25:21,454 - Fractal_Claws - INFO - All validation gates passed
2026-04-05 22:25:21,454 - Fractal_Claws - INFO - All validation gates passed
2026-04-05 22:25:21,454 - Fractal_Claws - INFO - All validation gates passed
2026-04-05 22:25:21,454 - Fractal_Claws - INFO - All validation gates passed
2026-04-05 22:25:21,454 - Fractal_Claws - INFO - All validation gates passed
2026-04-05 22:25:21,455 - Fractal_Claws - ERROR - Failure in ticket TASK-005: Test failure
2026-04-05 22:25:21,455 - Fractal_Claws - ERROR - Failure in ticket TASK-005: Test failure
2026-04-05 22:25:21,455 - Fractal_Claws - ERROR - Failure in ticket TASK-005: Test failure
2026-04-05 22:25:21,455 - Fractal_Claws - ERROR - Failure in ticket TASK-005: Test failure
2026-04-05 22:25:21,455 - Fractal_Claws - ERROR - Failure in ticket TASK-005: Test failure
2026-04-05 22:25:21,455 - Fractal_Claws - ERROR - Failure in ticket TASK-005: Test failure
2026-04-05 22:25:21,455 - Fractal_Claws - ERROR - Failure in ticket TASK-005: Test failure
2026-04-05 22:25:21,455 - Fractal_Claws - INFO - Logs captured to logs\ISS-20260405_222521-TASK-005.log
2026-04-05 22:25:21,455 - Fractal_Claws - INFO - Logs captured to logs\ISS-20260405_222521-TASK-005.log
2026-04-05 22:25:21,455 - Fractal_Claws - INFO - Logs captured to logs\ISS-20260405_222521-TASK-005.log
2026-04-05 22:25:21,455 - Fractal_Claws - INFO - Logs captured to logs\ISS-20260405_222521-TASK-005.log
2026-04-05 22:25:21,455 - Fractal_Claws - INFO - Logs captured to logs\ISS-20260405_222521-TASK-005.log
2026-04-05 22:25:21,455 - Fractal_Claws - INFO - Logs captured to logs\ISS-20260405_222521-TASK-005.log
2026-04-05 22:25:21,455 - Fractal_Claws - INFO - Logs captured to logs\ISS-20260405_222521-TASK-005.log
2026-04-05 22:25:21,455 - Fractal_Claws - INFO - TROUBLESHOOTING.md updated
2026-04-05 22:25:21,455 - Fractal_Claws - INFO - TROUBLESHOOTING.md updated
2026-04-05 22:25:21,455 - Fractal_Claws - INFO - TROUBLESHOOTING.md updated
2026-04-05 22:25:21,455 - Fractal_Claws - INFO - TROUBLESHOOTING.md updated
2026-04-05 22:25:21,455 - Fractal_Claws - INFO - TROUBLESHOOTING.md updated
2026-04-05 22:25:21,455 - Fractal_Claws - INFO - TROUBLESHOOTING.md updated
2026-04-05 22:25:21,455 - Fractal_Claws - INFO - TROUBLESHOOTING.md updated
2026-04-05 22:25:21,455 - Fractal_Claws - INFO - REPLICATION-NOTES.md updated
2026-04-05 22:25:21,455 - Fractal_Claws - INFO - REPLICATION-NOTES.md updated
2026-04-05 22:25:21,455 - Fractal_Claws - INFO - REPLICATION-NOTES.md updated
2026-04-05 22:25:21,455 - Fractal_Claws - INFO - REPLICATION-NOTES.md updated
2026-04-05 22:25:21,455 - Fractal_Claws - INFO - REPLICATION-NOTES.md updated
2026-04-05 22:25:21,455 - Fractal_Claws - INFO - REPLICATION-NOTES.md updated
2026-04-05 22:25:21,455 - Fractal_Claws - INFO - REPLICATION-NOTES.md updated
2026-04-05 22:25:21,460 - Fractal_Claws - INFO - ISSUE.md updated
2026-04-05 22:25:21,460 - Fractal_Claws - INFO - ISSUE.md updated
2026-04-05 22:25:21,460 - Fractal_Claws - INFO - ISSUE.md updated
2026-04-05 22:25:21,460 - Fractal_Claws - INFO - ISSUE.md updated
2026-04-05 22:25:21,460 - Fractal_Claws - INFO - ISSUE.md updated
2026-04-05 22:25:21,460 - Fractal_Claws - INFO - ISSUE.md updated
2026-04-05 22:25:21,460 - Fractal_Claws - INFO - ISSUE.md updated
2026-04-05 22:25:21,460 - Fractal_Claws - CRITICAL - Halted on ticket TASK-005. See ISSUE.md for required action.
2026-04-05 22:25:21,460 - Fractal_Claws - CRITICAL - Halted on ticket TASK-005. See ISSUE.md for required action.
2026-04-05 22:25:21,460 - Fractal_Claws - CRITICAL - Halted on ticket TASK-005. See ISSUE.md for required action.
2026-04-05 22:25:21,460 - Fractal_Claws - CRITICAL - Halted on ticket TASK-005. See ISSUE.md for required action.
2026-04-05 22:25:21,460 - Fractal_Claws - CRITICAL - Halted on ticket TASK-005. See ISSUE.md for required action.
2026-04-05 22:25:21,460 - Fractal_Claws - CRITICAL - Halted on ticket TASK-005. See ISSUE.md for required action.
2026-04-05 22:25:21,460 - Fractal_Claws - CRITICAL - Halted on ticket TASK-005. See ISSUE.md for required action.
2026-04-05 22:25:21,462 - Fractal_Claws - INFO - Logs captured to logs\ISS-20260405_222521-TASK-006.log
2026-04-05 22:25:21,462 - Fractal_Claws - INFO - Logs captured to logs\ISS-20260405_222521-TASK-006.log
2026-04-05 22:25:21,462 - Fractal_Claws - INFO - Logs captured to logs\ISS-20260405_222521-TASK-006.log
2026-04-05 22:25:21,462 - Fractal_Claws - INFO - Logs captured to logs\ISS-20260405_222521-TASK-006.log
2026-04-05 22:25:21,462 - Fractal_Claws - INFO - Logs captured to logs\ISS-20260405_222521-TASK-006.log
2026-04-05 22:25:21,462 - Fractal_Claws - INFO - Logs captured to logs\ISS-20260405_222521-TASK-006.log
2026-04-05 22:25:21,462 - Fractal_Claws - INFO - Logs captured to logs\ISS-20260405_222521-TASK-006.log
2026-04-05 22:25:21,462 - Fractal_Claws - INFO - Logs captured to logs\ISS-20260405_222521-TASK-006.log
